<?xml version="1.0" encoding="UTF-8" ?>
<<<<<<< HEAD
<testsuite tests="1" failures="0" name="Connection.SpisLekarzyTest" time="0.4" errors="0" skipped="0">
=======
<testsuite tests="1" failures="0" name="Connection.SpisLekarzyTest" time="0.689" errors="0" skipped="0">
>>>>>>> 834ccbd89f32b39f8d269cad93de48ff50a9d39b
  <properties>
    <property name="idea.version" value="2018.3.5"/>
    <property name="java.runtime.name" value="Java(TM) SE Runtime Environment"/>
    <property name="sun.boot.library.path" value="C:\Program Files\Java\jdk1.8.0_201\jre\bin"/>
    <property name="java.vm.version" value="25.201-b09"/>
    <property name="java.vm.vendor" value="Oracle Corporation"/>
<<<<<<< HEAD
    <property name="maven.multiModuleProjectDirectory" value="P:\Programowanie zespołowe\I20L1GR4\Przychodnia"/>
=======
    <property name="maven.multiModuleProjectDirectory" value="C:\Users\wesol\Desktop\I20L1GR4-master\Przychodnia"/>
>>>>>>> 834ccbd89f32b39f8d269cad93de48ff50a9d39b
    <property name="java.vendor.url" value="http://java.oracle.com/"/>
    <property name="path.separator" value=";"/>
    <property name="guice.disable.misplaced.annotation.check" value="true"/>
    <property name="java.vm.name" value="Java HotSpot(TM) 64-Bit Server VM"/>
    <property name="file.encoding.pkg" value="sun.io"/>
    <property name="user.script" value=""/>
    <property name="user.country" value="PL"/>
    <property name="sun.java.launcher" value="SUN_STANDARD"/>
    <property name="sun.os.patch.level" value=""/>
    <property name="java.vm.specification.name" value="Java Virtual Machine Specification"/>
<<<<<<< HEAD
    <property name="user.dir" value="P:\Programowanie zespołowe\I20L1GR4\Przychodnia"/>
    <property name="java.runtime.version" value="1.8.0_201-b09"/>
=======
    <property name="user.dir" value="C:\Users\wesol\Desktop\I20L1GR4-master\Przychodnia"/>
    <property name="java.runtime.version" value="1.8.0_192-b12"/>
>>>>>>> 834ccbd89f32b39f8d269cad93de48ff50a9d39b
    <property name="java.awt.graphicsenv" value="sun.awt.Win32GraphicsEnvironment"/>
    <property name="java.endorsed.dirs" value="C:\Program Files\Java\jdk1.8.0_201\jre\lib\endorsed"/>
    <property name="os.arch" value="amd64"/>
    <property name="java.io.tmpdir" value="C:\Users\JAKUBG~1\AppData\Local\Temp\"/>
    <property name="line.separator" value="
"/>
    <property name="java.vm.specification.vendor" value="Oracle Corporation"/>
    <property name="user.variant" value=""/>
    <property name="os.name" value="Windows 10"/>
    <property name="classworlds.conf" value="P:\IntelliJ IDEA Community Edition 2018.3.5\plugins\maven\lib\maven3\bin\m2.conf"/>
    <property name="sun.jnu.encoding" value="Cp1250"/>
    <property name="java.library.path" value="C:\Program Files\Java\jdk1.8.0_201\bin;C:\Windows\Sun\Java\bin;C:\Windows\system32;C:\Windows;C:\Program Files\Haskell\bin;P:\Haskell Platform\8.6.5\lib\extralibs\bin;P:\Haskell Platform\8.6.5\bin;C:\Program Files (x86)\Python38-32\Scripts\;C:\Program Files (x86)\Python38-32\;P:\JakubGrzybowski\product\12.2.0\client_1;P:\JakubGrzybowski\product\12.2.0\client_1\bin;P:\Program Files (x86)\Microsoft Visual Studio\product\12.2.0\client_1;P:\Program Files (x86)\Microsoft Visual Studio\product\12.2.0\client_1\bin;C:\Program Files (x86)\Common Files\Oracle\Java\javapath;C:\ProgramData\Oracle\Java\javapath;C:\Windows\system32;C:\Windows;C:\Windows\System32\Wbem;C:\Windows\System32\WindowsPowerShell\v1.0\;C:\Windows\System32\OpenSSH\;C:\Program Files (x86)\NVIDIA Corporation\PhysX\Common;C:\Program Files\dotnet\;C:\Program Files\Microsoft SQL Server\130\Tools\Binn\;C:\Program Files\Microsoft SQL Server\Client SDK\ODBC\170\Tools\Binn\;P:\Haskell Platform\8.6.5\mingw\bin;P:\Git\cmd;C:\Users\JakubGrzybowski\AppData\Roaming\cabal\bin;C:\Users\JakubGrzybowski\AppData\Roaming\local\bin;C:\Users\JakubGrzybowski\AppData\Local\Microsoft\WindowsApps;C:\Users\JakubGrzybowski\AppData\Local\GitHubDesktop\bin;."/>
    <property name="java.specification.name" value="Java Platform API Specification"/>
    <property name="java.class.version" value="52.0"/>
    <property name="sun.management.compiler" value="HotSpot 64-Bit Tiered Compilers"/>
    <property name="os.version" value="10.0"/>
    <property name="user.home" value="C:\Users\JakubGrzybowski"/>
    <property name="user.timezone" value="Europe/Belgrade"/>
    <property name="java.awt.printerjob" value="sun.awt.windows.WPrinterJob"/>
    <property name="java.specification.version" value="1.8"/>
    <property name="file.encoding" value="UTF-8"/>
    <property name="user.name" value="JakubGrzybowski"/>
    <property name="java.class.path" value="P:\IntelliJ IDEA Community Edition 2018.3.5\plugins\maven\lib\maven3\boot\plexus-classworlds-2.5.2.jar;P:\IntelliJ IDEA Community Edition 2018.3.5\lib\idea_rt.jar"/>
    <property name="java.vm.specification.version" value="1.8"/>
    <property name="sun.arch.data.model" value="64"/>
    <property name="java.home" value="C:\Program Files\Java\jdk1.8.0_201\jre"/>
    <property name="sun.java.command" value="org.codehaus.classworlds.Launcher -Didea.version=2018.3.5 clean install"/>
    <property name="java.specification.vendor" value="Oracle Corporation"/>
    <property name="user.language" value="pl"/>
    <property name="awt.toolkit" value="sun.awt.windows.WToolkit"/>
    <property name="java.vm.info" value="mixed mode"/>
    <property name="java.version" value="1.8.0_201"/>
    <property name="java.ext.dirs" value="C:\Program Files\Java\jdk1.8.0_201\jre\lib\ext;C:\Windows\Sun\Java\lib\ext"/>
    <property name="sun.boot.class.path" value="C:\Program Files\Java\jdk1.8.0_201\jre\lib\resources.jar;C:\Program Files\Java\jdk1.8.0_201\jre\lib\rt.jar;C:\Program Files\Java\jdk1.8.0_201\jre\lib\sunrsasign.jar;C:\Program Files\Java\jdk1.8.0_201\jre\lib\jsse.jar;C:\Program Files\Java\jdk1.8.0_201\jre\lib\jce.jar;C:\Program Files\Java\jdk1.8.0_201\jre\lib\charsets.jar;C:\Program Files\Java\jdk1.8.0_201\jre\lib\jfr.jar;C:\Program Files\Java\jdk1.8.0_201\jre\classes"/>
    <property name="java.vendor" value="Oracle Corporation"/>
    <property name="maven.home" value="P:\IntelliJ IDEA Community Edition 2018.3.5\plugins\maven\lib\maven3"/>
    <property name="file.separator" value="\"/>
    <property name="java.vendor.url.bug" value="http://bugreport.sun.com/bugreport/"/>
    <property name="sun.cpu.endian" value="little"/>
    <property name="sun.io.unicode.encoding" value="UnicodeLittle"/>
    <property name="sun.desktop" value="windows"/>
    <property name="sun.cpu.isalist" value="amd64"/>
  </properties>
<<<<<<< HEAD
  <testcase classname="Connection.SpisLekarzyTest" name="WszyscyLekarzeGetTest" time="0.4"/>
=======
  <testcase classname="Connection.SpisLekarzyTest" name="WszyscyLekarzeGetTest" time="0.689"/>
>>>>>>> 834ccbd89f32b39f8d269cad93de48ff50a9d39b
</testsuite>